app/build/intermediates/manifest_merge_blame_file/debug/manifest-merger-blame-debug-report.txt
1<?xml version="1.0" encoding="utf-8"?>
2<manifest xmlns:android="http://schemas.android.com/apk/res/android"
3    package="com.balqis.wetalklatest"
4    android:versionCode="1"
5    android:versionName="1.0" >
6
7    <uses-sdk
7-->src\main\AndroidManifest.xml:5:5-7:41
8        android:minSdkVersion="19"
8-->src\main\AndroidManifest.xml:6:9-35
9        android:targetSdkVersion="29" />
9-->src\main\AndroidManifest.xml:7:9-38
10
11    <uses-permission android:name="android.permission.INTERNET" />
11-->src\main\AndroidManifest.xml:9:5-67
11-->src\main\AndroidManifest.xml:9:22-64
12    <uses-permission android:name="android.permission.RECORD_AUDIO" />
12-->src\main\AndroidManifest.xml:10:5-71
12-->src\main\AndroidManifest.xml:10:22-68
13
14    <application
14-->src\main\AndroidManifest.xml:12:5-46:19
15        android:allowBackup="true"
15-->src\main\AndroidManifest.xml:13:9-35
16        android:appComponentFactory="androidx.core.app.CoreComponentFactory"
16-->[androidx.core:core:1.5.0] AndroidManifest.xml:24:18-86
17        android:debuggable="true"
18        android:icon="@mipmap/logo"
18-->src\main\AndroidManifest.xml:14:9-36
19        android:label="@string/app_name"
19-->src\main\AndroidManifest.xml:15:9-41
20        android:roundIcon="@mipmap/logo"
20-->src\main\AndroidManifest.xml:16:9-41
21        android:supportsRtl="true"
21-->src\main\AndroidManifest.xml:17:9-35
22        android:testOnly="true"
23        android:theme="@style/Theme.WeTalkLatest" >
23-->src\main\AndroidManifest.xml:18:9-50
24        <activity android:name="com.balqis.wetalklatest.OnboardingActivity" />
24-->src\main\AndroidManifest.xml:19:9-65
24-->src\main\AndroidManifest.xml:19:19-53
25        <activity android:name="com.balqis.wetalklatest.TheMainActivity" />
25-->src\main\AndroidManifest.xml:20:9-53
25-->src\main\AndroidManifest.xml:20:19-50
26        <activity android:name="com.balqis.wetalklatest.FeaturePageActivity" />
26-->src\main\AndroidManifest.xml:21:9-57
26-->src\main\AndroidManifest.xml:21:19-54
27        <activity android:name="com.balqis.wetalklatest.NumberActivity" />
27-->src\main\AndroidManifest.xml:22:9-52
27-->src\main\AndroidManifest.xml:22:19-49
28        <activity android:name="com.balqis.wetalklatest.AlphabetActivity" />
28-->src\main\AndroidManifest.xml:23:9-54
28-->src\main\AndroidManifest.xml:23:19-51
29        <activity android:name="com.balqis.wetalklatest.Save_Page" />
29-->src\main\AndroidManifest.xml:24:9-47
29-->src\main\AndroidManifest.xml:24:19-44
30        <activity android:name="com.balqis.wetalklatest.SplashScreenActivity" >
30-->src\main\AndroidManifest.xml:25:9-31:20
30-->src\main\AndroidManifest.xml:25:19-55
31            <intent-filter>
31-->src\main\AndroidManifest.xml:26:13-30:29
32                <action android:name="android.intent.action.MAIN" />
32-->src\main\AndroidManifest.xml:27:17-69
32-->src\main\AndroidManifest.xml:27:25-66
33
34                <category android:name="android.intent.category.LAUNCHER" />
34-->src\main\AndroidManifest.xml:29:17-77
34-->src\main\AndroidManifest.xml:29:27-74
35            </intent-filter>
36        </activity>
37        <activity android:name="com.balqis.wetalklatest.FirstActivity" />
37-->src\main\AndroidManifest.xml:32:9-51
37-->src\main\AndroidManifest.xml:32:19-48
38        <activity android:name="com.balqis.wetalklatest.StartupActivity" />
38-->src\main\AndroidManifest.xml:33:9-53
38-->src\main\AndroidManifest.xml:33:19-50
39        <activity android:name="com.balqis.wetalklatest.DashboardActivity" />
39-->src\main\AndroidManifest.xml:34:9-55
39-->src\main\AndroidManifest.xml:34:19-52
40        <activity android:name="com.balqis.wetalklatest.MainActivity" >
40-->src\main\AndroidManifest.xml:35:9-41:20
40-->src\main\AndroidManifest.xml:35:19-47
41            <intent-filter>
41-->src\main\AndroidManifest.xml:26:13-30:29
42                <action android:name="android.intent.action.MAIN" />
42-->src\main\AndroidManifest.xml:27:17-69
42-->src\main\AndroidManifest.xml:27:25-66
43
44                <category android:name="android.intent.category.LAUNCHER" />
44-->src\main\AndroidManifest.xml:29:17-77
44-->src\main\AndroidManifest.xml:29:27-74
45            </intent-filter>
46        </activity>
47
48        <meta-data
48-->src\main\AndroidManifest.xml:43:9-45:57
49            android:name="preloaded_fonts"
49-->src\main\AndroidManifest.xml:44:13-43
50            android:resource="@array/preloaded_fonts" />
50-->src\main\AndroidManifest.xml:45:13-54
51
52        <provider
52-->[com.squareup.picasso:picasso:2.71828] AndroidManifest.xml:8:9-11:40
53            android:name="com.squareup.picasso.PicassoProvider"
53-->[com.squareup.picasso:picasso:2.71828] AndroidManifest.xml:9:13-64
54            android:authorities="com.balqis.wetalklatest.com.squareup.picasso"
54-->[com.squareup.picasso:picasso:2.71828] AndroidManifest.xml:10:13-72
55            android:exported="false" />
55-->[com.squareup.picasso:picasso:2.71828] AndroidManifest.xml:11:13-37
56    </application>
57
58</manifest>